2025-08-24 23:27:18,996 INFO: Getting LEDs: 41 [in /Users/ruby0ne/Coding Playground/LED/led_server.py:119]
2025-08-24 23:27:22,816 INFO: Homepage accessed [in /Users/ruby0ne/Coding Playground/LED/led_server.py:40]
2025-08-24 23:27:22,836 INFO: Getting LEDs: 41 [in /Users/ruby0ne/Coding Playground/LED/led_server.py:119]
2025-08-24 23:27:28,450 INFO: Homepage accessed [in /Users/ruby0ne/Coding Playground/LED/led_server.py:40]
2025-08-24 23:27:28,471 INFO: Getting LEDs: 41 [in /Users/ruby0ne/Coding Playground/LED/led_server.py:119]
2025-08-24 23:29:21,014 INFO: Homepage accessed [in /Users/ruby0ne/Coding Playground/LED/led_server.py:40]
2025-08-24 23:29:21,030 INFO: Getting LEDs: 41 [in /Users/ruby0ne/Coding Playground/LED/led_server.py:119]
2025-08-24 23:30:30,799 INFO: Homepage accessed [in /Users/ruby0ne/Coding Playground/LED/led_server.py:40]
2025-08-24 23:30:30,818 INFO: Getting LEDs: 41 [in /Users/ruby0ne/Coding Playground/LED/led_server.py:119]
2025-08-24 23:30:56,228 INFO: Homepage accessed [in /Users/ruby0ne/Coding Playground/LED/led_server.py:40]
2025-08-24 23:30:56,258 INFO: Getting LEDs: 41 [in /Users/ruby0ne/Coding Playground/LED/led_server.py:119]
2025-08-24 23:31:10,645 INFO: Homepage accessed [in /Users/ruby0ne/Coding Playground/LED/led_server.py:40]
2025-08-24 23:31:10,668 INFO: Getting LEDs: 41 [in /Users/ruby0ne/Coding Playground/LED/led_server.py:119]
2025-08-24 23:31:17,389 INFO: Homepage accessed [in /Users/ruby0ne/Coding Playground/LED/led_server.py:40]
2025-08-24 23:31:17,408 INFO: Getting LEDs: 41 [in /Users/ruby0ne/Coding Playground/LED/led_server.py:119]
2025-08-24 23:31:49,849 INFO: Homepage accessed [in /Users/ruby0ne/Coding Playground/LED/led_server.py:40]
2025-08-24 23:31:49,864 INFO: Getting LEDs: 41 [in /Users/ruby0ne/Coding Playground/LED/led_server.py:119]
2025-08-24 23:32:37,866 INFO: Homepage accessed [in /Users/ruby0ne/Coding Playground/LED/led_server.py:40]
2025-08-24 23:32:37,895 INFO: Getting LEDs: 41 [in /Users/ruby0ne/Coding Playground/LED/led_server.py:119]
2025-08-24 23:33:35,016 INFO: Homepage accessed [in /Users/ruby0ne/Coding Playground/LED/led_server.py:40]
2025-08-24 23:33:35,038 INFO: Getting LEDs: 41 [in /Users/ruby0ne/Coding Playground/LED/led_server.py:119]
2025-08-24 23:33:45,006 INFO: Homepage accessed [in /Users/ruby0ne/Coding Playground/LED/led_server.py:40]
2025-08-24 23:33:45,026 INFO: Getting LEDs: 41 [in /Users/ruby0ne/Coding Playground/LED/led_server.py:119]
2025-08-24 23:35:40,889 INFO: Homepage accessed [in /Users/ruby0ne/Coding Playground/LED/led_server.py:40]
2025-08-24 23:35:40,910 INFO: Getting LEDs: 41 [in /Users/ruby0ne/Coding Playground/LED/led_server.py:119]
2025-08-24 23:36:03,602 INFO: Running animation: green [in /Users/ruby0ne/Coding Playground/LED/led_server.py:47]
2025-08-24 23:36:03,603 INFO: Setting green color [in /Users/ruby0ne/Coding Playground/LED/led_server.py:54]
2025-08-24 23:36:09,164 INFO: Setting custom color RGB: (255, 180, 63) [in /Users/ruby0ne/Coding Playground/LED/led_server.py:104]
2025-08-24 23:36:09,164 INFO: Custom color applied successfully [in /Users/ruby0ne/Coding Playground/LED/led_server.py:110]
2025-08-24 23:36:16,832 INFO: Running animation: turn_off [in /Users/ruby0ne/Coding Playground/LED/led_server.py:47]
2025-08-24 23:36:16,833 INFO: Turning off LEDs [in /Users/ruby0ne/Coding Playground/LED/led_server.py:81]
2025-08-24 23:36:18,157 INFO: Running animation: turn_on [in /Users/ruby0ne/Coding Playground/LED/led_server.py:47]
2025-08-24 23:36:18,158 INFO: Setting maximum brightness [in /Users/ruby0ne/Coding Playground/LED/led_server.py:84]
2025-08-24 23:36:20,324 INFO: Running animation: green [in /Users/ruby0ne/Coding Playground/LED/led_server.py:47]
2025-08-24 23:36:20,325 INFO: Setting green color [in /Users/ruby0ne/Coding Playground/LED/led_server.py:54]
2025-08-24 23:36:21,559 INFO: Running animation: turn_off [in /Users/ruby0ne/Coding Playground/LED/led_server.py:47]
2025-08-24 23:36:21,560 INFO: Turning off LEDs [in /Users/ruby0ne/Coding Playground/LED/led_server.py:81]
2025-08-24 23:36:22,165 INFO: Running animation: green [in /Users/ruby0ne/Coding Playground/LED/led_server.py:47]
2025-08-24 23:36:22,165 INFO: Setting green color [in /Users/ruby0ne/Coding Playground/LED/led_server.py:54]
2025-08-24 23:36:23,530 INFO: Running animation: turn_off [in /Users/ruby0ne/Coding Playground/LED/led_server.py:47]
2025-08-24 23:36:23,530 INFO: Turning off LEDs [in /Users/ruby0ne/Coding Playground/LED/led_server.py:81]
2025-08-24 23:36:24,082 INFO: Running animation: green [in /Users/ruby0ne/Coding Playground/LED/led_server.py:47]
2025-08-24 23:36:24,082 INFO: Setting green color [in /Users/ruby0ne/Coding Playground/LED/led_server.py:54]
